  Reading Qt configuration (D:/QT/6.3.0/msvc2019_64/bin/qmake)
  console.cpp
  display.cpp
  main.cpp
  mainwindow.cpp
D:\Desktop\project_5.0\project_5.0\main.cpp(1,1): warning C4828: 文件包含在偏移 0xf2 处开始的字符，该字符在当前源字符集中无效(代码页 65001)。
D:\Desktop\project_5.0\project_5.0\main.cpp(1,1): warning C4828: 文件包含在偏移 0xf3 处开始的字符，该字符在当前源字符集中无效(代码页 65001)。
D:\Desktop\project_5.0\project_5.0\main.cpp(1,1): warning C4828: 文件包含在偏移 0xf4 处开始的字符，该字符在当前源字符集中无效(代码页 65001)。
D:\Desktop\project_5.0\project_5.0\main.cpp(1,1): warning C4828: 文件包含在偏移 0xfc 处开始的字符，该字符在当前源字符集中无效(代码页 65001)。
D:\Desktop\project_5.0\project_5.0\main.cpp(1,1): warning C4828: 文件包含在偏移 0xfd 处开始的字符，该字符在当前源字符集中无效(代码页 65001)。
D:\Desktop\project_5.0\project_5.0\main.cpp(1,1): warning C4828: 文件包含在偏移 0xfe 处开始的字符，该字符在当前源字符集中无效(代码页 65001)。
D:\Desktop\project_5.0\project_5.0\main.cpp(1,1): warning C4828: 文件包含在偏移 0x100 处开始的字符，该字符在当前源字符集中无效(代码页 65001)。
D:\Desktop\project_5.0\project_5.0\main.cpp(1,1): warning C4828: 文件包含在偏移 0x104 处开始的字符，该字符在当前源字符集中无效(代码页 65001)。
D:\Desktop\project_5.0\project_5.0\main.cpp(1,1): warning C4828: 文件包含在偏移 0x105 处开始的字符，该字符在当前源字符集中无效(代码页 65001)。
D:\Desktop\project_5.0\project_5.0\main.cpp(1,1): warning C4828: 文件包含在偏移 0x112 处开始的字符，该字符在当前源字符集中无效(代码页 65001)。
D:\Desktop\project_5.0\project_5.0\main.cpp(1,1): warning C4828: 文件包含在偏移 0x113 处开始的字符，该字符在当前源字符集中无效(代码页 65001)。
D:\Desktop\project_5.0\project_5.0\main.cpp(1,1): warning C4828: 文件包含在偏移 0x116 处开始的字符，该字符在当前源字符集中无效(代码页 65001)。
D:\Desktop\project_5.0\project_5.0\main.cpp(1,1): warning C4828: 文件包含在偏移 0x117 处开始的字符，该字符在当前源字符集中无效(代码页 65001)。
D:\Desktop\project_5.0\project_5.0\main.cpp(1,1): warning C4828: 文件包含在偏移 0x11b 处开始的字符，该字符在当前源字符集中无效(代码页 65001)。
D:\Desktop\project_5.0\project_5.0\mainwindow.h(1,1): warning C4828: 文件包含在偏移 0x22b 处开始的字符，该字符在当前源字符集中无效(代码页 65001)。 (编译源文件 mainwindow.cpp)
D:\Desktop\project_5.0\project_5.0\mainwindow.h(1,1): warning C4828: 文件包含在偏移 0x22d 处开始的字符，该字符在当前源字符集中无效(代码页 65001)。 (编译源文件 mainwindow.cpp)
D:\Desktop\project_5.0\project_5.0\mainwindow.h(1,1): warning C4828: 文件包含在偏移 0x230 处开始的字符，该字符在当前源字符集中无效(代码页 65001)。 (编译源文件 mainwindow.cpp)
D:\Desktop\project_5.0\project_5.0\mainwindow.h(1,1): warning C4828: 文件包含在偏移 0x234 处开始的字符，该字符在当前源字符集中无效(代码页 65001)。 (编译源文件 mainwindow.cpp)
D:\Desktop\project_5.0\project_5.0\mainwindow.h(1,1): warning C4828: 文件包含在偏移 0x236 处开始的字符，该字符在当前源字符集中无效(代码页 65001)。 (编译源文件 mainwindow.cpp)
D:\Desktop\project_5.0\project_5.0\mainwindow.h(1,1): warning C4828: 文件包含在偏移 0x237 处开始的字符，该字符在当前源字符集中无效(代码页 65001)。 (编译源文件 mainwindow.cpp)
D:\Desktop\project_5.0\project_5.0\mainwindow.h(1,1): warning C4828: 文件包含在偏移 0x23b 处开始的字符，该字符在当前源字符集中无效(代码页 65001)。 (编译源文件 mainwindow.cpp)
D:\Desktop\project_5.0\project_5.0\mainwindow.h(1,1): warning C4828: 文件包含在偏移 0x23d 处开始的字符，该字符在当前源字符集中无效(代码页 65001)。 (编译源文件 mainwindow.cpp)
D:\Desktop\project_5.0\project_5.0\mainwindow.h(1,1): warning C4828: 文件包含在偏移 0x23f 处开始的字符，该字符在当前源字符集中无效(代码页 65001)。 (编译源文件 mainwindow.cpp)
D:\Desktop\project_5.0\project_5.0\mainwindow.h(1,1): warning C4828: 文件包含在偏移 0x241 处开始的字符，该字符在当前源字符集中无效(代码页 65001)。 (编译源文件 mainwindow.cpp)
D:\Desktop\project_5.0\project_5.0\mainwindow.h(1,1): warning C4828: 文件包含在偏移 0x242 处开始的字符，该字符在当前源字符集中无效(代码页 65001)。 (编译源文件 mainwindow.cpp)
D:\Desktop\project_5.0\project_5.0\mainwindow.h(1,1): warning C4828: 文件包含在偏移 0x246 处开始的字符，该字符在当前源字符集中无效(代码页 65001)。 (编译源文件 mainwindow.cpp)
D:\Desktop\project_5.0\project_5.0\mainwindow.h(1,1): warning C4828: 文件包含在偏移 0x261 处开始的字符，该字符在当前源字符集中无效(代码页 65001)。 (编译源文件 mainwindow.cpp)
D:\Desktop\project_5.0\project_5.0\mainwindow.h(1,1): warning C4828: 文件包含在偏移 0x263 处开始的字符，该字符在当前源字符集中无效(代码页 65001)。 (编译源文件 mainwindow.cpp)
D:\Desktop\project_5.0\project_5.0\mainwindow.h(1,1): warning C4828: 文件包含在偏移 0x266 处开始的字符，该字符在当前源字符集中无效(代码页 65001)。 (编译源文件 mainwindow.cpp)
D:\Desktop\project_5.0\project_5.0\mainwindow.h(1,1): warning C4828: 文件包含在偏移 0x26a 处开始的字符，该字符在当前源字符集中无效(代码页 65001)。 (编译源文件 mainwindow.cpp)
D:\Desktop\project_5.0\project_5.0\mainwindow.h(1,1): warning C4828: 文件包含在偏移 0x285 处开始的字符，该字符在当前源字符集中无效(代码页 65001)。 (编译源文件 mainwindow.cpp)
D:\Desktop\project_5.0\project_5.0\mainwindow.h(1,1): warning C4828: 文件包含在偏移 0x287 处开始的字符，该字符在当前源字符集中无效(代码页 65001)。 (编译源文件 mainwindow.cpp)
D:\Desktop\project_5.0\project_5.0\mainwindow.h(1,1): warning C4828: 文件包含在偏移 0x288 处开始的字符，该字符在当前源字符集中无效(代码页 65001)。 (编译源文件 mainwindow.cpp)
D:\Desktop\project_5.0\project_5.0\mainwindow.h(1,1): warning C4828: 文件包含在偏移 0x28a 处开始的字符，该字符在当前源字符集中无效(代码页 65001)。 (编译源文件 mainwindow.cpp)
D:\Desktop\project_5.0\project_5.0\mainwindow.h(1,1): warning C4828: 文件包含在偏移 0x2a9 处开始的字符，该字符在当前源字符集中无效(代码页 65001)。 (编译源文件 mainwindow.cpp)
D:\Desktop\project_5.0\project_5.0\mainwindow.h(1,1): warning C4828: 文件包含在偏移 0x2aa 处开始的字符，该字符在当前源字符集中无效(代码页 65001)。 (编译源文件 mainwindow.cpp)
D:\Desktop\project_5.0\project_5.0\mainwindow.h(1,1): warning C4828: 文件包含在偏移 0x2ac 处开始的字符，该字符在当前源字符集中无效(代码页 65001)。 (编译源文件 mainwindow.cpp)
D:\Desktop\project_5.0\project_5.0\mainwindow.h(1,1): warning C4828: 文件包含在偏移 0x2ae 处开始的字符，该字符在当前源字符集中无效(代码页 65001)。 (编译源文件 mainwindow.cpp)
D:\Desktop\project_5.0\project_5.0\mainwindow.h(1,1): warning C4828: 文件包含在偏移 0x2af 处开始的字符，该字符在当前源字符集中无效(代码页 65001)。 (编译源文件 mainwindow.cpp)
D:\Desktop\project_5.0\project_5.0\mainwindow.h(1,1): warning C4828: 文件包含在偏移 0x2b0 处开始的字符，该字符在当前源字符集中无效(代码页 65001)。 (编译源文件 mainwindow.cpp)
D:\Desktop\project_5.0\project_5.0\mainwindow.h(1,1): warning C4828: 文件包含在偏移 0x2b4 处开始的字符，该字符在当前源字符集中无效(代码页 65001)。 (编译源文件 mainwindow.cpp)
D:\Desktop\project_5.0\project_5.0\mainwindow.h(1,1): warning C4828: 文件包含在偏移 0x2b6 处开始的字符，该字符在当前源字符集中无效(代码页 65001)。 (编译源文件 mainwindow.cpp)
D:\Desktop\project_5.0\project_5.0\mainwindow.h(1,1): warning C4828: 文件包含在偏移 0x2b7 处开始的字符，该字符在当前源字符集中无效(代码页 65001)。 (编译源文件 mainwindow.cpp)
D:\Desktop\project_5.0\project_5.0\mainwindow.h(1,1): warning C4828: 文件包含在偏移 0x2bb 处开始的字符，该字符在当前源字符集中无效(代码页 65001)。 (编译源文件 mainwindow.cpp)
D:\Desktop\project_5.0\project_5.0\mainwindow.h(1,1): warning C4828: 文件包含在偏移 0x2bd 处开始的字符，该字符在当前源字符集中无效(代码页 65001)。 (编译源文件 mainwindow.cpp)
D:\Desktop\project_5.0\project_5.0\mainwindow.h(1,1): warning C4828: 文件包含在偏移 0x2bf 处开始的字符，该字符在当前源字符集中无效(代码页 65001)。 (编译源文件 mainwindow.cpp)
D:\Desktop\project_5.0\project_5.0\mainwindow.h(1,1): warning C4828: 文件包含在偏移 0x2c1 处开始的字符，该字符在当前源字符集中无效(代码页 65001)。 (编译源文件 mainwindow.cpp)
D:\Desktop\project_5.0\project_5.0\mainwindow.h(1,1): warning C4828: 文件包含在偏移 0x2c2 处开始的字符，该字符在当前源字符集中无效(代码页 65001)。 (编译源文件 mainwindow.cpp)
D:\Desktop\project_5.0\project_5.0\mainwindow.h(1,1): warning C4828: 文件包含在偏移 0x2c6 处开始的字符，该字符在当前源字符集中无效(代码页 65001)。 (编译源文件 mainwindow.cpp)
D:\Desktop\project_5.0\project_5.0\mainwindow.h(1,1): warning C4828: 文件包含在偏移 0x2e4 处开始的字符，该字符在当前源字符集中无效(代码页 65001)。 (编译源文件 mainwindow.cpp)
D:\Desktop\project_5.0\project_5.0\mainwindow.h(1,1): warning C4828: 文件包含在偏移 0x2e5 处开始的字符，该字符在当前源字符集中无效(代码页 65001)。 (编译源文件 mainwindow.cpp)
D:\Desktop\project_5.0\project_5.0\mainwindow.h(1,1): warning C4828: 文件包含在偏移 0x2e7 处开始的字符，该字符在当前源字符集中无效(代码页 65001)。 (编译源文件 mainwindow.cpp)
D:\Desktop\project_5.0\project_5.0\mainwindow.h(1,1): warning C4828: 文件包含在偏移 0x2e9 处开始的字符，该字符在当前源字符集中无效(代码页 65001)。 (编译源文件 mainwindow.cpp)
D:\Desktop\project_5.0\project_5.0\mainwindow.h(1,1): warning C4828: 文件包含在偏移 0x2ea 处开始的字符，该字符在当前源字符集中无效(代码页 65001)。 (编译源文件 mainwindow.cpp)
D:\Desktop\project_5.0\project_5.0\mainwindow.h(1,1): warning C4828: 文件包含在偏移 0x2eb 处开始的字符，该字符在当前源字符集中无效(代码页 65001)。 (编译源文件 mainwindow.cpp)
D:\Desktop\project_5.0\project_5.0\mainwindow.h(1,1): warning C4828: 文件包含在偏移 0x2ef 处开始的字符，该字符在当前源字符集中无效(代码页 65001)。 (编译源文件 mainwindow.cpp)
D:\Desktop\project_5.0\project_5.0\mainwindow.h(1,1): warning C4828: 文件包含在偏移 0x22b 处开始的字符，该字符在当前源字符集中无效(代码页 65001)。 (编译源文件 main.cpp)
D:\Desktop\project_5.0\project_5.0\mainwindow.h(1,1): warning C4828: 文件包含在偏移 0x22d 处开始的字符，该字符在当前源字符集中无效(代码页 65001)。 (编译源文件 main.cpp)
D:\Desktop\project_5.0\project_5.0\mainwindow.h(1,1): warning C4828: 文件包含在偏移 0x230 处开始的字符，该字符在当前源字符集中无效(代码页 65001)。 (编译源文件 main.cpp)
D:\Desktop\project_5.0\project_5.0\mainwindow.h(1,1): warning C4828: 文件包含在偏移 0x234 处开始的字符，该字符在当前源字符集中无效(代码页 65001)。 (编译源文件 main.cpp)
D:\Desktop\project_5.0\project_5.0\mainwindow.h(1,1): warning C4828: 文件包含在偏移 0x236 处开始的字符，该字符在当前源字符集中无效(代码页 65001)。 (编译源文件 main.cpp)
D:\Desktop\project_5.0\project_5.0\mainwindow.h(1,1): warning C4828: 文件包含在偏移 0x237 处开始的字符，该字符在当前源字符集中无效(代码页 65001)。 (编译源文件 main.cpp)
D:\Desktop\project_5.0\project_5.0\mainwindow.h(1,1): warning C4828: 文件包含在偏移 0x23b 处开始的字符，该字符在当前源字符集中无效(代码页 65001)。 (编译源文件 main.cpp)
D:\Desktop\project_5.0\project_5.0\mainwindow.h(1,1): warning C4828: 文件包含在偏移 0x23d 处开始的字符，该字符在当前源字符集中无效(代码页 65001)。 (编译源文件 main.cpp)
D:\Desktop\project_5.0\project_5.0\mainwindow.h(1,1): warning C4828: 文件包含在偏移 0x23f 处开始的字符，该字符在当前源字符集中无效(代码页 65001)。 (编译源文件 main.cpp)
D:\Desktop\project_5.0\project_5.0\mainwindow.h(1,1): warning C4828: 文件包含在偏移 0x241 处开始的字符，该字符在当前源字符集中无效(代码页 65001)。 (编译源文件 main.cpp)
D:\Desktop\project_5.0\project_5.0\mainwindow.h(1,1): warning C4828: 文件包含在偏移 0x242 处开始的字符，该字符在当前源字符集中无效(代码页 65001)。 (编译源文件 main.cpp)
D:\Desktop\project_5.0\project_5.0\mainwindow.h(1,1): warning C4828: 文件包含在偏移 0x246 处开始的字符，该字符在当前源字符集中无效(代码页 65001)。 (编译源文件 main.cpp)
D:\Desktop\project_5.0\project_5.0\mainwindow.h(1,1): warning C4828: 文件包含在偏移 0x261 处开始的字符，该字符在当前源字符集中无效(代码页 65001)。 (编译源文件 main.cpp)
D:\Desktop\project_5.0\project_5.0\mainwindow.h(1,1): warning C4828: 文件包含在偏移 0x263 处开始的字符，该字符在当前源字符集中无效(代码页 65001)。 (编译源文件 main.cpp)
D:\Desktop\project_5.0\project_5.0\mainwindow.h(1,1): warning C4828: 文件包含在偏移 0x266 处开始的字符，该字符在当前源字符集中无效(代码页 65001)。 (编译源文件 main.cpp)
D:\Desktop\project_5.0\project_5.0\mainwindow.h(1,1): warning C4828: 文件包含在偏移 0x26a 处开始的字符，该字符在当前源字符集中无效(代码页 65001)。 (编译源文件 main.cpp)
D:\Desktop\project_5.0\project_5.0\mainwindow.h(1,1): warning C4828: 文件包含在偏移 0x285 处开始的字符，该字符在当前源字符集中无效(代码页 65001)。 (编译源文件 main.cpp)
D:\Desktop\project_5.0\project_5.0\mainwindow.h(1,1): warning C4828: 文件包含在偏移 0x287 处开始的字符，该字符在当前源字符集中无效(代码页 65001)。 (编译源文件 main.cpp)
D:\Desktop\project_5.0\project_5.0\mainwindow.h(1,1): warning C4828: 文件包含在偏移 0x288 处开始的字符，该字符在当前源字符集中无效(代码页 65001)。 (编译源文件 main.cpp)
D:\Desktop\project_5.0\project_5.0\mainwindow.h(1,1): warning C4828: 文件包含在偏移 0x28a 处开始的字符，该字符在当前源字符集中无效(代码页 65001)。 (编译源文件 main.cpp)
D:\Desktop\project_5.0\project_5.0\mainwindow.h(1,1): warning C4828: 文件包含在偏移 0x2a9 处开始的字符，该字符在当前源字符集中无效(代码页 65001)。 (编译源文件 main.cpp)
D:\Desktop\project_5.0\project_5.0\mainwindow.h(1,1): warning C4828: 文件包含在偏移 0x2aa 处开始的字符，该字符在当前源字符集中无效(代码页 65001)。 (编译源文件 main.cpp)
D:\Desktop\project_5.0\project_5.0\mainwindow.h(1,1): warning C4828: 文件包含在偏移 0x2ac 处开始的字符，该字符在当前源字符集中无效(代码页 65001)。 (编译源文件 main.cpp)
D:\Desktop\project_5.0\project_5.0\mainwindow.h(1,1): warning C4828: 文件包含在偏移 0x2ae 处开始的字符，该字符在当前源字符集中无效(代码页 65001)。 (编译源文件 main.cpp)
D:\Desktop\project_5.0\project_5.0\mainwindow.h(1,1): warning C4828: 文件包含在偏移 0x2af 处开始的字符，该字符在当前源字符集中无效(代码页 65001)。 (编译源文件 main.cpp)
D:\Desktop\project_5.0\project_5.0\mainwindow.h(1,1): warning C4828: 文件包含在偏移 0x2b0 处开始的字符，该字符在当前源字符集中无效(代码页 65001)。 (编译源文件 main.cpp)
D:\Desktop\project_5.0\project_5.0\mainwindow.h(1,1): warning C4828: 文件包含在偏移 0x2b4 处开始的字符，该字符在当前源字符集中无效(代码页 65001)。 (编译源文件 main.cpp)
D:\Desktop\project_5.0\project_5.0\mainwindow.h(1,1): warning C4828: 文件包含在偏移 0x2b6 处开始的字符，该字符在当前源字符集中无效(代码页 65001)。 (编译源文件 main.cpp)
D:\Desktop\project_5.0\project_5.0\mainwindow.h(1,1): warning C4828: 文件包含在偏移 0x2b7 处开始的字符，该字符在当前源字符集中无效(代码页 65001)。 (编译源文件 main.cpp)
D:\Desktop\project_5.0\project_5.0\mainwindow.h(1,1): warning C4828: 文件包含在偏移 0x2bb 处开始的字符，该字符在当前源字符集中无效(代码页 65001)。 (编译源文件 main.cpp)
D:\Desktop\project_5.0\project_5.0\mainwindow.h(1,1): warning C4828: 文件包含在偏移 0x2bd 处开始的字符，该字符在当前源字符集中无效(代码页 65001)。 (编译源文件 main.cpp)
D:\Desktop\project_5.0\project_5.0\mainwindow.h(1,1): warning C4828: 文件包含在偏移 0x2bf 处开始的字符，该字符在当前源字符集中无效(代码页 65001)。 (编译源文件 main.cpp)
D:\Desktop\project_5.0\project_5.0\mainwindow.h(1,1): warning C4828: 文件包含在偏移 0x2c1 处开始的字符，该字符在当前源字符集中无效(代码页 65001)。 (编译源文件 main.cpp)
D:\Desktop\project_5.0\project_5.0\mainwindow.h(1,1): warning C4828: 文件包含在偏移 0x2c2 处开始的字符，该字符在当前源字符集中无效(代码页 65001)。 (编译源文件 main.cpp)
D:\Desktop\project_5.0\project_5.0\mainwindow.h(1,1): warning C4828: 文件包含在偏移 0x2c6 处开始的字符，该字符在当前源字符集中无效(代码页 65001)。 (编译源文件 main.cpp)
D:\Desktop\project_5.0\project_5.0\mainwindow.h(1,1): warning C4828: 文件包含在偏移 0x2e4 处开始的字符，该字符在当前源字符集中无效(代码页 65001)。 (编译源文件 main.cpp)
D:\Desktop\project_5.0\project_5.0\mainwindow.h(1,1): warning C4828: 文件包含在偏移 0x2e5 处开始的字符，该字符在当前源字符集中无效(代码页 65001)。 (编译源文件 main.cpp)
D:\Desktop\project_5.0\project_5.0\mainwindow.h(1,1): warning C4828: 文件包含在偏移 0x2e7 处开始的字符，该字符在当前源字符集中无效(代码页 65001)。 (编译源文件 main.cpp)
D:\Desktop\project_5.0\project_5.0\mainwindow.h(1,1): warning C4828: 文件包含在偏移 0x2e9 处开始的字符，该字符在当前源字符集中无效(代码页 65001)。 (编译源文件 main.cpp)
D:\Desktop\project_5.0\project_5.0\mainwindow.h(1,1): warning C4828: 文件包含在偏移 0x2ea 处开始的字符，该字符在当前源字符集中无效(代码页 65001)。 (编译源文件 main.cpp)
D:\Desktop\project_5.0\project_5.0\mainwindow.h(1,1): warning C4828: 文件包含在偏移 0x2eb 处开始的字符，该字符在当前源字符集中无效(代码页 65001)。 (编译源文件 main.cpp)
D:\Desktop\project_5.0\project_5.0\mainwindow.h(1,1): warning C4828: 文件包含在偏移 0x2ef 处开始的字符，该字符在当前源字符集中无效(代码页 65001)。 (编译源文件 main.cpp)
  core.cpp
D:\Desktop\project_5.0\project_5.0\core.h(7,10): fatal error C1083: 无法打开包括文件: “SoundTouch.h”: No such file or directory (编译源文件 main.cpp)
  seekwidget.cpp
D:\Desktop\project_5.0\project_5.0\core.h(7,10): fatal error C1083: 无法打开包括文件: “SoundTouch.h”: No such file or directory (编译源文件 mainwindow.cpp)
D:\Desktop\project_5.0\project_5.0\core.h(7,10): fatal error C1083: 无法打开包括文件: “SoundTouch.h”: No such file or directory (编译源文件 core.cpp)
