d:\desktop\project_5.0\project_5.0\x64\debug\vc143.pdb
d:\desktop\project_5.0\project_5.0\x64\debug\qrc_resources.obj
d:\desktop\project_5.0\project_5.0\x64\debug\moc_mainwindow.obj
d:\desktop\project_5.0\project_5.0\x64\debug\moc_core.obj
d:\desktop\project_5.0\project_5.0\x64\debug\moc_display.obj
d:\desktop\project_5.0\project_5.0\x64\debug\moc_seekwidget.obj
d:\desktop\project_5.0\project_5.0\x64\debug\moc_console.obj
d:\desktop\project_5.0\project_5.0\x64\debug\display.obj
d:\desktop\project_5.0\project_5.0\x64\debug\console.obj
d:\desktop\project_5.0\project_5.0\x64\debug\mainwindow.obj
d:\desktop\project_5.0\project_5.0\x64\debug\main.obj
d:\desktop\project_5.0\project_5.0\x64\debug\seekwidget.obj
d:\desktop\project_5.0\project_5.0\x64\debug\core.obj
d:\desktop\project_5.0\x64\debug\project_5.0.exe
d:\desktop\project_5.0\x64\debug\project_5.0.ilk
d:\desktop\project_5.0\x64\debug\project_5.0.pdb
d:\desktop\project_5.0\project_5.0\x64\debug\moc\moc_mainwindow.cpp
d:\desktop\project_5.0\project_5.0\x64\debug\moc\moc_display.cpp
d:\desktop\project_5.0\project_5.0\x64\debug\moc\moc_core.cpp
d:\desktop\project_5.0\project_5.0\x64\debug\moc\moc_seekwidget.cpp
d:\desktop\project_5.0\project_5.0\x64\debug\moc\moc_console.cpp
d:\desktop\project_5.0\project_5.0\x64\debug\rcc\qrc_resources.cpp
d:\desktop\project_5.0\project_5.0\x64\debug\uic\ui_console.h
d:\desktop\project_5.0\project_5.0\x64\debug\project_5.0.tlog\cl.command.1.tlog
d:\desktop\project_5.0\project_5.0\x64\debug\project_5.0.tlog\cl.read.1.tlog
d:\desktop\project_5.0\project_5.0\x64\debug\project_5.0.tlog\cl.write.1.tlog
d:\desktop\project_5.0\project_5.0\x64\debug\project_5.0.tlog\link.command.1.tlog
d:\desktop\project_5.0\project_5.0\x64\debug\project_5.0.tlog\link.read.1.tlog
d:\desktop\project_5.0\project_5.0\x64\debug\project_5.0.tlog\link.write.1.tlog
d:\desktop\project_5.0\project_5.0\x64\debug\project_5.0.tlog\moc.read.1u.tlog
d:\desktop\project_5.0\project_5.0\x64\debug\project_5.0.tlog\moc.write.1u.tlog
d:\desktop\project_5.0\project_5.0\x64\debug\project_5.0.tlog\project_5.0.write.1u.tlog
d:\desktop\project_5.0\project_5.0\x64\debug\project_5.0.tlog\rcc.read.1u.tlog
d:\desktop\project_5.0\project_5.0\x64\debug\project_5.0.tlog\rcc.write.1u.tlog
d:\desktop\project_5.0\project_5.0\x64\debug\project_5.0.tlog\uic.read.1u.tlog
d:\desktop\project_5.0\project_5.0\x64\debug\project_5.0.tlog\uic.write.1u.tlog
